<?xml version="1.0" encoding="UTF-8" standalone="no"?>
<testsuite errors="0" failures="3" name="io.cucumber.core.plugin.JUnitFormatter" skipped="0" tests="19" time="286.366">
<testcase classname="F01_Register | users could register with new accounts" name="guest user could register with valid data successfully" time="15.488">
<system-out><![CDATA[Given user go to register page..............................................passed
When user select gender type................................................passed
And user enter first name "automation" and last name "tester"...............passed
And user enter date of birth................................................passed
And user enter email "test2@example.com" field..............................passed
And user fills Password fields "P@ssw0rd" "P@ssw0rd"........................passed
And user clicks on register button..........................................passed
Then success message is displayed...........................................passed
]]></system-out>
</testcase>
<testcase classname="F02_Login | users could use login functionality to use their accounts" name="User could log in with valid email and password" time="12.409">
<system-out><![CDATA[Given user go to login page.................................................passed
When user login with "test2@example.com" and "P@ssw0rd".....................passed
And user press on login button..............................................passed
Then user login to the system successfully..................................passed
]]></system-out>
</testcase>
<testcase classname="F02_Login | users could use login functionality to use their accounts" name="User could login with invalid email and password" time="13.964">
<system-out><![CDATA[Given user go to login page.................................................passed
When user login with "wrong@example.com" and "P@ssw0rd".....................passed
And user press on login button..............................................passed
Then user could not login to the system.....................................passed
]]></system-out>
</testcase>
<testcase classname="F03_currencies | User Check Currency sign" name="User could change the currency" time="10.39">
<system-out><![CDATA[Given user go to home page..................................................passed
When select Euro currency from the dropdown.................................passed
Then Euro Symbol is shown on the 4 products displayed in Home page..........passed
]]></system-out>
</testcase>
<testcase classname="F04_Search |User search for products" name="Logged user could search using product name" time="12.529">
<system-out><![CDATA[Given user has logged in....................................................passed
And user is at home page....................................................passed
When user enter product name as "book"......................................passed
And user press enter........................................................passed
Then search results should appear and contain "book"........................passed
]]></system-out>
</testcase>
<testcase classname="F04_Search |User search for products" name="Logged user could search using product name 2" time="13.27">
<system-out><![CDATA[Given user has logged in....................................................passed
And user is at home page....................................................passed
When user enter product name as "laptop"....................................passed
And user press enter........................................................passed
Then search results should appear and contain "laptop"......................passed
]]></system-out>
</testcase>
<testcase classname="F04_Search |User search for products" name="Logged user could search using product name 3" time="12.177">
<system-out><![CDATA[Given user has logged in....................................................passed
And user is at home page....................................................passed
When user enter product name as "nike"......................................passed
And user press enter........................................................passed
Then search results should appear and contain "nike"........................passed
]]></system-out>
</testcase>
<testcase classname="F04_Search |User search for products" name="Logged user could search for product using sku" time="14.207">
<system-out><![CDATA[Given user has logged in....................................................passed
And user is at home page....................................................passed
When user enter product sku as "SCI_FAITH"..................................passed
And user press enter........................................................passed
Then search result should contain "SCI_FAITH"...............................passed
]]></system-out>
</testcase>
<testcase classname="F04_Search |User search for products" name="Logged user could search for product using sku 2" time="18.678">
<system-out><![CDATA[Given user has logged in....................................................passed
And user is at home page....................................................passed
When user enter product sku as "APPLE_CAM"..................................passed
And user press enter........................................................passed
Then search result should contain "APPLE_CAM"...............................passed
]]></system-out>
</testcase>
<testcase classname="F04_Search |User search for products" name="Logged user could search for product using sku 3" time="21.353">
<system-out><![CDATA[Given user has logged in....................................................passed
And user is at home page....................................................passed
When user enter product sku as "SF_PRO_11"..................................passed
And user press enter........................................................passed
Then search result should contain "SF_PRO_11"...............................passed
]]></system-out>
</testcase>
<testcase classname="F05_hoverCategories | User hover on random Category and clicks on it" name="Logged user could select different Categories" time="22.131">
<system-out><![CDATA[Given user has logged in....................................................passed
And user is at home page....................................................passed
When user hovers over any random category...................................passed
And user clicks sub-category if found.......................................passed
Then page title should contain category or sub-category name................passed
]]></system-out>
</testcase>
<testcase classname="Home page slider" name="User can navigate to products through slider(1)" time="12.482">
<failure message="Step [^user should be directed to &quot;(.*)&quot;$] is defined with 0 parameters at 'org.example.stepDefs.D06_homeSlidersStepDef.related_product_page_opens_for_second_slider()'.&#10;However, the gherkin step has 1 arguments:&#10; * https://demo.nopcommerce.com/nokia-lumia-1020&#10;Step text: user should be directed to &quot;https://demo.nopcommerce.com/nokia-lumia-1020&quot;" type="io.cucumber.core.exception.CucumberException"><![CDATA[Given user go to home page..................................................passed
When user click on first slider.............................................passed
Then user should be directed to "https://demo.nopcommerce.com/nokia-lumia-1020".failed

StackTrace:
io.cucumber.core.exception.CucumberException: Step [^user should be directed to "(.*)"$] is defined with 0 parameters at 'org.example.stepDefs.D06_homeSlidersStepDef.related_product_page_opens_for_second_slider()'.
However, the gherkin step has 1 arguments:
 * https://demo.nopcommerce.com/nokia-lumia-1020
Step text: user should be directed to "https://demo.nopcommerce.com/nokia-lumia-1020"
	at io.cucumber.core.runner.PickleStepDefinitionMatch.arityMismatch(PickleStepDefinitionMatch.java:83)
	at io.cucumber.core.runner.PickleStepDefinitionMatch.runStep(PickleStepDefinitionMatch.java:42)
	at io.cucumber.core.runner.ExecutionMode$1.execute(ExecutionMode.java:10)
	at io.cucumber.core.runner.TestStep.executeStep(TestStep.java:85)
	at io.cucumber.core.runner.TestStep.run(TestStep.java:57)
	at io.cucumber.core.runner.PickleStepTestStep.run(PickleStepTestStep.java:51)
	at io.cucumber.core.runner.TestCase.run(TestCase.java:84)
	at io.cucumber.core.runner.Runner.runPickle(Runner.java:75)
	at io.cucumber.testng.TestNGCucumberRunner.lambda$runScenario$1(TestNGCucumberRunner.java:132)
	at io.cucumber.core.runtime.CucumberExecutionContext.lambda$runTestCase$5(CucumberExecutionContext.java:129)
	at io.cucumber.core.runtime.RethrowingThrowableCollector.executeAndThrow(RethrowingThrowableCollector.java:23)
	at io.cucumber.core.runtime.CucumberExecutionContext.runTestCase(CucumberExecutionContext.java:129)
	at io.cucumber.testng.TestNGCucumberRunner.runScenario(TestNGCucumberRunner.java:129)
	at io.cucumber.testng.AbstractTestNGCucumberTests.runScenario(AbstractTestNGCucumberTests.java:35)
	at sun.reflect.NativeMethodAccessorImpl.invoke0(Native Method)
	at sun.reflect.NativeMethodAccessorImpl.invoke(NativeMethodAccessorImpl.java:62)
	at sun.reflect.DelegatingMethodAccessorImpl.invoke(DelegatingMethodAccessorImpl.java:43)
	at java.lang.reflect.Method.invoke(Method.java:498)
	at org.testng.internal.invokers.MethodInvocationHelper.invokeMethod(MethodInvocationHelper.java:135)
	at org.testng.internal.invokers.TestInvoker.invokeMethod(TestInvoker.java:673)
	at org.testng.internal.invokers.TestInvoker.invokeTestMethod(TestInvoker.java:220)
	at org.testng.internal.invokers.MethodRunner.runInSequence(MethodRunner.java:50)
	at org.testng.internal.invokers.TestInvoker$MethodInvocationAgent.invoke(TestInvoker.java:945)
	at org.testng.internal.invokers.TestInvoker.invokeTestMethods(TestInvoker.java:193)
	at org.testng.internal.invokers.TestMethodWorker.invokeTestMethods(TestMethodWorker.java:146)
	at org.testng.internal.invokers.TestMethodWorker.run(TestMethodWorker.java:128)
	at java.util.ArrayList.forEach(ArrayList.java:1259)
	at org.testng.TestRunner.privateRun(TestRunner.java:808)
	at org.testng.TestRunner.run(TestRunner.java:603)
	at org.testng.SuiteRunner.runTest(SuiteRunner.java:429)
	at org.testng.SuiteRunner.runSequentially(SuiteRunner.java:423)
	at org.testng.SuiteRunner.privateRun(SuiteRunner.java:383)
	at org.testng.SuiteRunner.run(SuiteRunner.java:326)
	at org.testng.SuiteRunnerWorker.runSuite(SuiteRunnerWorker.java:52)
	at org.testng.SuiteRunnerWorker.run(SuiteRunnerWorker.java:95)
	at org.testng.TestNG.runSuitesSequentially(TestNG.java:1249)
	at org.testng.TestNG.runSuitesLocally(TestNG.java:1169)
	at org.testng.TestNG.runSuites(TestNG.java:1092)
	at org.testng.TestNG.run(TestNG.java:1060)
	at com.intellij.rt.testng.IDEARemoteTestNG.run(IDEARemoteTestNG.java:66)
	at com.intellij.rt.testng.RemoteTestNGStarter.main(RemoteTestNGStarter.java:109)
]]></failure>
</testcase>
<testcase classname="Home page slider" name="User can navigate to products through slider(2)" time="15.016">
<failure message="Step [^user should be directed to &quot;(.*)&quot;$] is defined with 0 parameters at 'org.example.stepDefs.D06_homeSlidersStepDef.related_product_page_opens_for_second_slider()'.&#10;However, the gherkin step has 1 arguments:&#10; * https://demo.nopcommerce.com/iphone-6&#10;Step text: user should be directed to &quot;https://demo.nopcommerce.com/iphone-6&quot;" type="io.cucumber.core.exception.CucumberException"><![CDATA[Given user go to home page..................................................passed
When user click on second slider............................................passed
Then user should be directed to "https://demo.nopcommerce.com/iphone-6".....failed

StackTrace:
io.cucumber.core.exception.CucumberException: Step [^user should be directed to "(.*)"$] is defined with 0 parameters at 'org.example.stepDefs.D06_homeSlidersStepDef.related_product_page_opens_for_second_slider()'.
However, the gherkin step has 1 arguments:
 * https://demo.nopcommerce.com/iphone-6
Step text: user should be directed to "https://demo.nopcommerce.com/iphone-6"
	at io.cucumber.core.runner.PickleStepDefinitionMatch.arityMismatch(PickleStepDefinitionMatch.java:83)
	at io.cucumber.core.runner.PickleStepDefinitionMatch.runStep(PickleStepDefinitionMatch.java:42)
	at io.cucumber.core.runner.ExecutionMode$1.execute(ExecutionMode.java:10)
	at io.cucumber.core.runner.TestStep.executeStep(TestStep.java:85)
	at io.cucumber.core.runner.TestStep.run(TestStep.java:57)
	at io.cucumber.core.runner.PickleStepTestStep.run(PickleStepTestStep.java:51)
	at io.cucumber.core.runner.TestCase.run(TestCase.java:84)
	at io.cucumber.core.runner.Runner.runPickle(Runner.java:75)
	at io.cucumber.testng.TestNGCucumberRunner.lambda$runScenario$1(TestNGCucumberRunner.java:132)
	at io.cucumber.core.runtime.CucumberExecutionContext.lambda$runTestCase$5(CucumberExecutionContext.java:129)
	at io.cucumber.core.runtime.RethrowingThrowableCollector.executeAndThrow(RethrowingThrowableCollector.java:23)
	at io.cucumber.core.runtime.CucumberExecutionContext.runTestCase(CucumberExecutionContext.java:129)
	at io.cucumber.testng.TestNGCucumberRunner.runScenario(TestNGCucumberRunner.java:129)
	at io.cucumber.testng.AbstractTestNGCucumberTests.runScenario(AbstractTestNGCucumberTests.java:35)
	at sun.reflect.NativeMethodAccessorImpl.invoke0(Native Method)
	at sun.reflect.NativeMethodAccessorImpl.invoke(NativeMethodAccessorImpl.java:62)
	at sun.reflect.DelegatingMethodAccessorImpl.invoke(DelegatingMethodAccessorImpl.java:43)
	at java.lang.reflect.Method.invoke(Method.java:498)
	at org.testng.internal.invokers.MethodInvocationHelper.invokeMethod(MethodInvocationHelper.java:135)
	at org.testng.internal.invokers.TestInvoker.invokeMethod(TestInvoker.java:673)
	at org.testng.internal.invokers.TestInvoker.invokeTestMethod(TestInvoker.java:220)
	at org.testng.internal.invokers.MethodRunner.runInSequence(MethodRunner.java:50)
	at org.testng.internal.invokers.TestInvoker$MethodInvocationAgent.invoke(TestInvoker.java:945)
	at org.testng.internal.invokers.TestInvoker.invokeTestMethods(TestInvoker.java:193)
	at org.testng.internal.invokers.TestMethodWorker.invokeTestMethods(TestMethodWorker.java:146)
	at org.testng.internal.invokers.TestMethodWorker.run(TestMethodWorker.java:128)
	at java.util.ArrayList.forEach(ArrayList.java:1259)
	at org.testng.TestRunner.privateRun(TestRunner.java:808)
	at org.testng.TestRunner.run(TestRunner.java:603)
	at org.testng.SuiteRunner.runTest(SuiteRunner.java:429)
	at org.testng.SuiteRunner.runSequentially(SuiteRunner.java:423)
	at org.testng.SuiteRunner.privateRun(SuiteRunner.java:383)
	at org.testng.SuiteRunner.run(SuiteRunner.java:326)
	at org.testng.SuiteRunnerWorker.runSuite(SuiteRunnerWorker.java:52)
	at org.testng.SuiteRunnerWorker.run(SuiteRunnerWorker.java:95)
	at org.testng.TestNG.runSuitesSequentially(TestNG.java:1249)
	at org.testng.TestNG.runSuitesLocally(TestNG.java:1169)
	at org.testng.TestNG.runSuites(TestNG.java:1092)
	at org.testng.TestNG.run(TestNG.java:1060)
	at com.intellij.rt.testng.IDEARemoteTestNG.run(IDEARemoteTestNG.java:66)
	at com.intellij.rt.testng.RemoteTestNGStarter.main(RemoteTestNGStarter.java:109)
]]></failure>
</testcase>
<testcase classname="Follow us on social media" name="User could follow us on facebook" time="10.579">
<system-out><![CDATA[Given user go to home page..................................................passed
When clicks on facebook link................................................passed
And user switches to new tab................................................passed
Then page url should be "https://www.facebook.com/nopCommerce"..............passed
]]></system-out>
</testcase>
<testcase classname="Follow us on social media" name="User could follow us on twitter" time="11.453">
<system-out><![CDATA[Given user go to home page..................................................passed
When clicks on twitter link.................................................passed
And user switches to new tab................................................passed
Then page url should be "https://twitter.com/nopCommerce"...................passed
]]></system-out>
</testcase>
<testcase classname="Follow us on social media" name="User could follow us on rss" time="9.359">
<failure message="expected [true] but found [false]" type="java.lang.AssertionError"><![CDATA[Given user go to home page..................................................passed
When clicks on rss link.....................................................passed
And user switches to new tab................................................passed
Then page url should be "https://demo.nopcommerce.com/new-online-store-is-open".failed

StackTrace:
java.lang.AssertionError: expected [true] but found [false]
	at org.testng.Assert.fail(Assert.java:110)
	at org.testng.Assert.failNotEquals(Assert.java:1413)
	at org.testng.Assert.assertTrue(Assert.java:56)
	at org.testng.Assert.assertTrue(Assert.java:66)
	at org.example.stepDefs.D07_followUsStepDef.assertURL(D07_followUsStepDef.java:25)
	at âœ½.page url should be "https://demo.nopcommerce.com/new-online-store-is-open"(file:///C:/Users/Sarah%20Abdelnabi/IdeaProjects/E-Commerce/src/main/resources/Features/F07_followUs.feature:21)
]]></failure>
</testcase>
<testcase classname="Follow us on social media" name="User could follow us on youtube" time="19.338">
<system-out><![CDATA[Given user go to home page..................................................passed
When clicks on youtube link.................................................passed
And user switches to new tab................................................passed
Then page url should be "https://www.youtube.com/user/nopCommerce"..........passed
]]></system-out>
</testcase>
<testcase classname="Wishlist" name="Logged user could add different products to Wishlist(1)" time="13.044">
<system-out><![CDATA[Given user has logged in....................................................passed
And user go to home page....................................................passed
When user click add to wishlist button......................................passed
Then item should be added to wishlist.......................................passed
]]></system-out>
</testcase>
<testcase classname="Wishlist" name="Logged user could add different products to Wishlist(2)" time="27.555">
<system-out><![CDATA[Given user has logged in....................................................passed
And user go to home page....................................................passed
When user click add to wishlist button......................................passed
And user wait until success message disappears..............................passed
And user clicks wishlist tab................................................passed
Then item quantity in wishlist should be > 0................................passed
]]></system-out>
</testcase>
</testsuite>
